<?xml version="1.0" encoding="UTF-8"?>
<!-- Generated by org.testng.reporters.JUnitReportReporter -->
<testsuite hostname="DESKTOP-OBQ41KK" failures="0" tests="1" name="com.testScripts.allcontacts" time="33.418" errors="0" timestamp="2023-07-19T00:19:11 PDT" skipped="0">
  <testcase classname="com.testScripts.allcontacts" name="contacts" time="33.418"/>
  <system-out/>
</testsuite> <!-- com.testScripts.allcontacts -->
