<?xml version="1.0" encoding="UTF-8"?>
<!-- Generated by org.testng.reporters.JUnitReportReporter -->
<testsuite hostname="DESKTOP-OBQ41KK" failures="0" tests="1" name="com.testScripts.login" time="67.162" errors="0" timestamp="2023-04-19T11:07:31 IST" skipped="0">
  <testcase classname="com.testScripts.login" name="logintest" time="67.162"/>
  <system-out/>
</testsuite> <!-- com.testScripts.login -->
