<?xml version="1.0" encoding="UTF-8"?>
<!-- Generated by org.testng.reporters.JUnitReportReporter -->
<testsuite hostname="DESKTOP-OBQ41KK" failures="0" tests="1" name="com.testScripts.logintest" time="12.237" errors="0" timestamp="2023-06-24T15:51:22 IST" skipped="0">
  <testcase classname="com.testScripts.logintest" name="login" time="12.237"/>
  <system-out/>
</testsuite> <!-- com.testScripts.logintest -->
