<?xml version="1.0" encoding="UTF-8"?>
<!-- Generated by org.testng.reporters.JUnitReportReporter -->
<testsuite hostname="DESKTOP-OBQ41KK" failures="0" tests="1" name="com.testScripts.dealstest" time="260.559" errors="0" timestamp="2023-06-26T15:57:20 IST" skipped="0">
  <testcase classname="com.testScripts.dealstest" name="contacts" time="260.559"/>
  <system-out/>
</testsuite> <!-- com.testScripts.dealstest -->
