<?xml version="1.0" encoding="UTF-8"?>
<!-- Generated by org.testng.reporters.JUnitReportReporter -->
<testsuite hostname="DESKTOP-OBQ41KK" failures="0" tests="1" name="com.testScripts.templatetest" time="88.751" errors="0" timestamp="2023-06-26T08:46:30 IST" skipped="0">
  <testcase classname="com.testScripts.templatetest" name="contacts" time="88.751"/>
  <system-out/>
</testsuite> <!-- com.testScripts.templatetest -->
